  행렬곱셈.cpp
C:\Users\이재한\Desktop\이재한\2022.1학기\알고리즘\과제\과제\1주차\행렬곱셈.cpp(14,11): error C2131: 식이 상수로 계산되지 않았습니다.
C:\Users\이재한\Desktop\이재한\2022.1학기\알고리즘\과제\과제\1주차\행렬곱셈.cpp(14,11): message : 수명을 벗어난 변수 읽기로 인해 오류가 발생했습니다.
C:\Users\이재한\Desktop\이재한\2022.1학기\알고리즘\과제\과제\1주차\행렬곱셈.cpp(14,11): message : 'n' 사용량 참조
C:\Users\이재한\Desktop\이재한\2022.1학기\알고리즘\과제\과제\1주차\행렬곱셈.cpp(14,14): error C2131: 식이 상수로 계산되지 않았습니다.
C:\Users\이재한\Desktop\이재한\2022.1학기\알고리즘\과제\과제\1주차\행렬곱셈.cpp(14,14): message : 수명을 벗어난 변수 읽기로 인해 오류가 발생했습니다.
C:\Users\이재한\Desktop\이재한\2022.1학기\알고리즘\과제\과제\1주차\행렬곱셈.cpp(14,14): message : 'k' 사용량 참조
C:\Users\이재한\Desktop\이재한\2022.1학기\알고리즘\과제\과제\1주차\행렬곱셈.cpp(15,11): error C2131: 식이 상수로 계산되지 않았습니다.
C:\Users\이재한\Desktop\이재한\2022.1학기\알고리즘\과제\과제\1주차\행렬곱셈.cpp(15,11): message : 수명을 벗어난 변수 읽기로 인해 오류가 발생했습니다.
C:\Users\이재한\Desktop\이재한\2022.1학기\알고리즘\과제\과제\1주차\행렬곱셈.cpp(15,11): message : 'k' 사용량 참조
C:\Users\이재한\Desktop\이재한\2022.1학기\알고리즘\과제\과제\1주차\행렬곱셈.cpp(15,14): error C2131: 식이 상수로 계산되지 않았습니다.
C:\Users\이재한\Desktop\이재한\2022.1학기\알고리즘\과제\과제\1주차\행렬곱셈.cpp(15,14): message : 수명을 벗어난 변수 읽기로 인해 오류가 발생했습니다.
C:\Users\이재한\Desktop\이재한\2022.1학기\알고리즘\과제\과제\1주차\행렬곱셈.cpp(15,14): message : 'm' 사용량 참조
C:\Users\이재한\Desktop\이재한\2022.1학기\알고리즘\과제\과제\1주차\행렬곱셈.cpp(16,11): error C2131: 식이 상수로 계산되지 않았습니다.
C:\Users\이재한\Desktop\이재한\2022.1학기\알고리즘\과제\과제\1주차\행렬곱셈.cpp(16,11): message : 수명을 벗어난 변수 읽기로 인해 오류가 발생했습니다.
C:\Users\이재한\Desktop\이재한\2022.1학기\알고리즘\과제\과제\1주차\행렬곱셈.cpp(16,11): message : 'n' 사용량 참조
C:\Users\이재한\Desktop\이재한\2022.1학기\알고리즘\과제\과제\1주차\행렬곱셈.cpp(16,14): error C2131: 식이 상수로 계산되지 않았습니다.
C:\Users\이재한\Desktop\이재한\2022.1학기\알고리즘\과제\과제\1주차\행렬곱셈.cpp(16,14): message : 수명을 벗어난 변수 읽기로 인해 오류가 발생했습니다.
C:\Users\이재한\Desktop\이재한\2022.1학기\알고리즘\과제\과제\1주차\행렬곱셈.cpp(16,14): message : 'm' 사용량 참조
C:\Users\이재한\Desktop\이재한\2022.1학기\알고리즘\과제\과제\1주차\행렬곱셈.cpp(23,21): error C3863: 배열 형식 'int [n][k]'은(는) 할당할 수 없습니다.
C:\Users\이재한\Desktop\이재한\2022.1학기\알고리즘\과제\과제\1주차\행렬곱셈.cpp(24,17): warning C4552: '>>': 식의 결과가 사용되지 않습니다.
C:\Users\이재한\Desktop\이재한\2022.1학기\알고리즘\과제\과제\1주차\행렬곱셈.cpp(32,21): error C3863: 배열 형식 'int [k][m]'은(는) 할당할 수 없습니다.
C:\Users\이재한\Desktop\이재한\2022.1학기\알고리즘\과제\과제\1주차\행렬곱셈.cpp(33,17): warning C4552: '>>': 식의 결과가 사용되지 않습니다.
C:\Users\이재한\Desktop\이재한\2022.1학기\알고리즘\과제\과제\1주차\행렬곱셈.cpp(41,21): error C3863: 배열 형식 'int [n][m]'은(는) 할당할 수 없습니다.
C:\Users\이재한\Desktop\이재한\2022.1학기\알고리즘\과제\과제\1주차\행렬곱셈.cpp(48,33): warning C4552: '<<': 식의 결과가 사용되지 않습니다.
C:\Users\이재한\Desktop\이재한\2022.1학기\알고리즘\과제\과제\1주차\행렬곱셈.cpp(52,22): warning C4552: '<<': 식의 결과가 사용되지 않습니다.
